CUDA Module Test Results
Generated: Fri Jul 25 10:46:43 PM BST 2025
=========================
[INFO] Starting comprehensive CUDA module testing...
[INFO] Setting up RST build environment...
[SUCCESS] RST environment configured
[INFO] Testing module: fitacf_v3.0
[INFO]   Testing CPU build for fitacf_v3.0...
[ERROR]   CPU build: FAILED
[INFO]   Testing CUDA build for fitacf_v3.0...
[WARNING]   CUDA build: FAILED (may be due to missing dependencies)
[INFO] Testing module: fit.1.35
[INFO]   Testing CPU build for fit.1.35...
[ERROR]   CPU build: FAILED
[INFO]   No CUDA makefile found for fit.1.35
[INFO]   Testing CMake build for fit.1.35...
[WARNING]   CMake CUDA build: FAILED
[INFO] Testing module: grid.1.24_optimized.1
[INFO]   Testing CPU build for grid.1.24_optimized.1...
[ERROR]   CPU build: FAILED
[INFO]   No CUDA makefile found for grid.1.24_optimized.1
[INFO]   Testing CMake build for grid.1.24_optimized.1...
[WARNING]   CMake CUDA build: FAILED
[INFO] Testing module: lmfit_v2.0
[INFO]   Testing CPU build for lmfit_v2.0...
[ERROR]   CPU build: FAILED
[INFO]   Testing CUDA build for lmfit_v2.0...
[WARNING]   CUDA build: FAILED (may be due to missing dependencies)
[INFO] Testing module: acf.1.16_optimized.2.0
[INFO]   Testing CPU build for acf.1.16_optimized.2.0...
[ERROR]   CPU build: FAILED
[INFO]   Testing CUDA build for acf.1.16_optimized.2.0...
[WARNING]   CUDA build: FAILED (may be due to missing dependencies)
[INFO] Testing module: binplotlib.1.0_optimized.2.0
[INFO]   Testing CPU build for binplotlib.1.0_optimized.2.0...
[ERROR]   CPU build: FAILED
[INFO]   Testing CUDA build for binplotlib.1.0_optimized.2.0...
[WARNING]   CUDA build: FAILED (may be due to missing dependencies)
[INFO] Testing module: fitacf.2.5
[INFO]   Testing CPU build for fitacf.2.5...
[ERROR]   CPU build: FAILED
[INFO]   Testing CUDA build for fitacf.2.5...
[WARNING]   CUDA build: FAILED (may be due to missing dependencies)
[INFO] Testing module: cuda_common
[INFO]   Testing CUDA build for cuda_common...
[WARNING]   CUDA build: FAILED (may be due to missing dependencies)
[SUCCESS] Test completed! Report saved to: /home/user/rst/cuda_test_report.md
[WARNING] 8 modules had issues - check the detailed log
